UNAME	"Linux puffer5 7.0.0-15-generic #15-Ubuntu SMP PREEMPT_DYNAMIC Wed Apr 22 16:06:43 UTC 2026 x86_64 GNU/Linux"
MAKE	"make"
MAKE-v	"GNU Make 4.4.1"

CC	"/home/haibib/fix-project/fix-compatibility-tests/pdflatex/../wasi-sdk-34.0-rc.1-x86_64-linux/bin/clang -std=gnu23"
CC:ver	"clang version 23.0.0-wasi-sdk (https://github.com/llvm/llvm-project 1b7c3e57bbc8e367ff8203e8818b018337319d7e)"
CC:std	"__STDC_VERSION__ 202311L"
CFLAGS	"--target=wasm32-wasip3 --sysroot=/home/haibib/fix-project/fix-compatibility-tests/pdflatex/../wasi-sdk-34.0-rc.1-x86_64-linux/share/wasi-sysroot -O2 -I/home/haibib/fix-project/fix-compatibility-tests/pdflatex/wasi-compatibility -include /home/haibib/fix-project/fix-compatibility-tests/pdflatex/wasi-compatibility/wasi-compatibility.h"

CXX	"g++"
CXX:ver	"g++ (Ubuntu 15.2.0-16ubuntu1) 15.2.0"
CXX:std	"__cplusplus 201703L"
CXXFLAGS	"-g -O2"

OBJCXX	""
OBJCXXFLAGS	""

LDFLAGS	"-lwasi-emulated-signal -lwasi-emulated-getpid"

LSB_RELEASE
Distributor ID:	Ubuntu
Description:	Ubuntu 26.04 LTS
Release:	26.04
Codename:	resolute

CONFIG_STATUS
TeX Live config.status 2026-03-02
configured by /home/haibib/fix-project/fix-compatibility-tests/pdflatex/texlive-source/configure, generated by GNU Autoconf 2.73,
  with options "--build=x86_64-linux-gnu --host=wasm32-wasip3 --prefix=/home/haibib/fix-project/fix-compatibility-tests/pdflatex/wasi-install --without-x --disable-shared --disable-all-pkgs --disable-web-progs --enable-tex --disable-synctex --disable-xetex --enable-missing BUILDCC=gcc CC=/home/haibib/fix-project/fix-compatibility-tests/pdflatex/../wasi-sdk-34.0-rc.1-x86_64-linux/bin/clang 'CPPFLAGS=-D_WASI_EMULATED_SIGNAL -D_WASI_EMULATED_GETPID' 'CFLAGS=--target=wasm32-wasip3 --sysroot=/home/haibib/fix-project/fix-compatibility-tests/pdflatex/../wasi-sdk-34.0-rc.1-x86_64-linux/share/wasi-sysroot -O2 -I/home/haibib/fix-project/fix-compatibility-tests/pdflatex/wasi-compatibility -include /home/haibib/fix-project/fix-compatibility-tests/pdflatex/wasi-compatibility/wasi-compatibility.h' 'LDFLAGS=-lwasi-emulated-signal -lwasi-emulated-getpid' AR=/home/haibib/fix-project/fix-compatibility-tests/pdflatex/../wasi-sdk-34.0-rc.1-x86_64-linux/bin/llvm-ar RANLIB=/home/haibib/fix-project/fix-compatibility-tests/pdflatex/../wasi-sdk-34.0-rc.1-x86_64-linux/bin/llvm-ranlib build_alias=x86_64-linux-gnu host_alias=wasm32-wasip3 --enable-native-texlive-build --enable-largefile --disable-silent-rules --enable-multiplatform=yes --enable-cxx-runtime-hack=yes --enable-libtool-hack=yes --enable-texlive-build '--bindir=${exec_prefix}/bin/wasm32-wasip3' '--libdir=${exec_prefix}/lib/wasm32-wasip3' --enable-autosp=no --enable-axodraw2=no --enable-devnag=no --enable-lacheck=no --enable-m-tx=no --enable-pmx=no --enable-ps2eps=no --enable-t1utils=no --enable-texdoctk=no --enable-tpic2pdftex=no --enable-utfpatgen=no --enable-vlna=no --enable-xindy=no --with-clisp-runtime=default --enable-xml2pmx=no --disable-xpdfopen --enable-web2c=no --enable-afm2pl=no --enable-bibtex-x=no --enable-chktex=no --enable-cjkutils=no --enable-detex=no --enable-dtl=no --enable-dvi2tty=no --enable-dvidvi=no --enable-dviljk=no --enable-dviout-util=no --enable-dvipdfm-x=no --enable-dvipng=no --enable-dvipos=no --enable-dvipsk=no --enable-dvisvgm=no --enable-gregorio=no --enable-gsftopk=no --enable-lcdf-typetools=no --enable-makeindexk=no --enable-makejvf=no --enable-mendexk=no --enable-musixtnt=no --enable-ps2pk=no --enable-psutils=no --enable-seetexk=no --enable-tex4htk=no --enable-ttf2pk2=no --enable-ttfdump=no --enable-upmendex=no --disable-xdvik --enable-xdvipsk=no --enable-texlive=no --with-system-harfbuzz=no --with-system-icu=no --with-system-teckit=no --with-system-graphite2=no --with-system-zziplib=no --with-system-xpdf=no --with-system-mpfi=no --with-system-mpfr=no --with-system-gmp=no --with-system-cairo=no --with-system-pixman=no --with-system-gd=no --with-system-potrace=no --with-system-freetype2=no --with-system-libpng=no --with-system-libpaper=no --with-system-luajit=no --with-system-zlib=no --with-system-ptexenc=no --with-system-kpathsea=no '--datarootdir=${prefix}' '--mandir=${prefix}/texmf-dist/doc/man' '--infodir=${prefix}/texmf-dist/doc/info'"

